<?xml version="1.0" encoding="UTF-8"?>
<!-- Generated by org.testng.reporters.JUnitReportReporter -->
<testsuite skipped="1" hostname="LAPTOP-EB6HRGT6" name="test.Third" tests="2" failures="0" timestamp="2021-10-27T13:37:02 IST" time="0.001" errors="0">
  <testcase name="laptopLoan" time="0.001" classname="test.Third"/>
  <system-out/>
  <testcase name="homeLoan" classname="test.Third">
    <skipped/>
  </testcase> <!-- homeLoan -->
  <system-out/>
</testsuite> <!-- test.Third -->
