<?xml version="1.0" encoding="UTF-8"?>
<!-- Generated by org.testng.reporters.JUnitReportReporter -->
<testsuite skipped="0" hostname="LAPTOP-EB6HRGT6" name="test.First" tests="2" failures="0" timestamp="2021-10-27T13:37:02 IST" time="0.005" errors="0">
  <testcase name="Hello" time="0.004" classname="test.First"/>
  <system-out/>
  <testcase name="setUp" time="0.001" classname="test.First"/>
  <system-out/>
</testsuite> <!-- test.First -->
