<?xml version="1.0" encoding="UTF-8"?>
<!-- Generated by org.testng.reporters.JUnitReportReporter -->
<testsuite skipped="0" hostname="LAPTOP-EB6HRGT6" name="test.Second" tests="2" failures="0" timestamp="2021-10-27T13:37:02 IST" time="0.002" errors="0">
  <testcase name="Good" time="0.001" classname="test.Second"/>
  <system-out/>
  <testcase name="SetUp" time="0.001" classname="test.Second"/>
  <system-out/>
</testsuite> <!-- test.Second -->
